
*** Running vivado
    with args -log design_1_wrapper.vds -m64 -product Vivado -mode batch -messageDb vivado.pb -notrace -source design_1_wrapper.tcl


****** Vivado v2025.1 (64-bit)
  **** SW Build 6140274 on Wed May 21 22:58:25 MDT 2025
  **** IP Build 6138677 on Thu May 22 03:10:11 MDT 2025
  **** SharedData Build 6139179 on Tue May 20 17:58:58 MDT 2025
  **** Start of session at: Fri Jan  2 21:03:50 2026
    ** Copyright 1986-2022 Xilinx, Inc. All Rights Reserved.
    ** Copyright 2022-2025 Advanced Micro Devices, Inc. All Rights Reserved.

source design_1_wrapper.tcl -notrace
INFO: [IP_Flow 19-234] Refreshing IP repositories
INFO: [IP_Flow 19-1704] No user IP repositories specified
INFO: [IP_Flow 19-2313] Loaded Vivado IP repository '/home/user/Xilinx/2025.1/Vivado/data/ip'.
Command: read_checkpoint -auto_incremental -incremental /home/user/Desktop/Personal_Stuff/Homework/an4/LICENTA/vivado/blink/blink.srcs/utils_1/imports/synth_1/design_1_wrapper.dcp
INFO: [Vivado 12-5825] Read reference checkpoint from /home/user/Desktop/Personal_Stuff/Homework/an4/LICENTA/vivado/blink/blink.srcs/utils_1/imports/synth_1/design_1_wrapper.dcp for incremental synthesis
INFO: [Vivado 12-7989] Please ensure there are no constraint changes
Command: synth_design -top design_1_wrapper -part xc7z010clg400-1
Starting synth_design
Attempting to get a license for feature 'Synthesis' and/or device 'xc7z010'
INFO: [Common 17-349] Got license for feature 'Synthesis' and/or device 'xc7z010'
INFO: [Device 21-403] Loading part xc7z010clg400-1
INFO: [Designutils 20-5440] No compile time benefit to using incremental synthesis; A full resynthesis will be run
INFO: [Designutils 20-4379] Flow is switching to default flow due to incremental criteria not met. If you would like to alter this behaviour and have the flow terminate instead, please set the following parameter config_implementation {autoIncr.Synth.RejectBehavior Terminate}
INFO: [Synth 8-7079] Multithreading enabled for synth_design using a maximum of 7 processes.
INFO: [Synth 8-7078] Launching helper process for spawning children vivado processes
INFO: [Synth 8-7075] Helper process launched with PID 78000
---------------------------------------------------------------------------------
Starting RTL Elaboration : Time (s): cpu = 00:00:04 ; elapsed = 00:00:04 . Memory (MB): peak = 2131.617 ; gain = 442.711 ; free physical = 2285 ; free virtual = 8843
---------------------------------------------------------------------------------
INFO: [Synth 8-6157] synthesizing module 'design_1_wrapper' [/home/user/Desktop/Personal_Stuff/Homework/an4/LICENTA/vivado/blink/blink.gen/sources_1/bd/design_1/hdl/design_1_wrapper.v:13]
INFO: [Synth 8-6157] synthesizing module 'design_1' [/home/user/Desktop/Personal_Stuff/Homework/an4/LICENTA/vivado/blink/blink.gen/sources_1/bd/design_1/synth/design_1.v:13]
INFO: [Synth 8-6157] synthesizing module 'design_1_axi_gpio_0_1' [/home/user/Desktop/Personal_Stuff/Homework/an4/LICENTA/vivado/blink/blink.runs/synth_1/.Xil/Vivado-77940-lenovo/realtime/design_1_axi_gpio_0_1_stub.v:6]
INFO: [Synth 8-6155] done synthesizing module 'design_1_axi_gpio_0_1' (0#1) [/home/user/Desktop/Personal_Stuff/Homework/an4/LICENTA/vivado/blink/blink.runs/synth_1/.Xil/Vivado-77940-lenovo/realtime/design_1_axi_gpio_0_1_stub.v:6]
INFO: [Synth 8-6157] synthesizing module 'design_1_axi_smc_0' [/home/user/Desktop/Personal_Stuff/Homework/an4/LICENTA/vivado/blink/blink.runs/synth_1/.Xil/Vivado-77940-lenovo/realtime/design_1_axi_smc_0_stub.v:6]
INFO: [Synth 8-6155] done synthesizing module 'design_1_axi_smc_0' (0#1) [/home/user/Desktop/Personal_Stuff/Homework/an4/LICENTA/vivado/blink/blink.runs/synth_1/.Xil/Vivado-77940-lenovo/realtime/design_1_axi_smc_0_stub.v:6]
WARNING: [Synth 8-7071] port 'M00_AXI_awprot' of module 'design_1_axi_smc_0' is unconnected for instance 'axi_smc' [/home/user/Desktop/Personal_Stuff/Homework/an4/LICENTA/vivado/blink/blink.gen/sources_1/bd/design_1/synth/design_1.v:162]
WARNING: [Synth 8-7071] port 'M00_AXI_arprot' of module 'design_1_axi_smc_0' is unconnected for instance 'axi_smc' [/home/user/Desktop/Personal_Stuff/Homework/an4/LICENTA/vivado/blink/blink.gen/sources_1/bd/design_1/synth/design_1.v:162]
WARNING: [Synth 8-7023] instance 'axi_smc' of module 'design_1_axi_smc_0' has 59 connections declared, but only 57 given [/home/user/Desktop/Personal_Stuff/Homework/an4/LICENTA/vivado/blink/blink.gen/sources_1/bd/design_1/synth/design_1.v:162]
INFO: [Synth 8-6157] synthesizing module 'design_1_processing_system7_0_1' [/home/user/Desktop/Personal_Stuff/Homework/an4/LICENTA/vivado/blink/blink.runs/synth_1/.Xil/Vivado-77940-lenovo/realtime/design_1_processing_system7_0_1_stub.v:6]
INFO: [Synth 8-6155] done synthesizing module 'design_1_processing_system7_0_1' (0#1) [/home/user/Desktop/Personal_Stuff/Homework/an4/LICENTA/vivado/blink/blink.runs/synth_1/.Xil/Vivado-77940-lenovo/realtime/design_1_processing_system7_0_1_stub.v:6]
WARNING: [Synth 8-7071] port 'USB0_PORT_INDCTL' of module 'design_1_processing_system7_0_1' is unconnected for instance 'processing_system7_0' [/home/user/Desktop/Personal_Stuff/Homework/an4/LICENTA/vivado/blink/blink.gen/sources_1/bd/design_1/synth/design_1.v:220]
WARNING: [Synth 8-7071] port 'USB0_VBUS_PWRSELECT' of module 'design_1_processing_system7_0_1' is unconnected for instance 'processing_system7_0' [/home/user/Desktop/Personal_Stuff/Homework/an4/LICENTA/vivado/blink/blink.gen/sources_1/bd/design_1/synth/design_1.v:220]
WARNING: [Synth 8-7023] instance 'processing_system7_0' of module 'design_1_processing_system7_0_1' has 65 connections declared, but only 63 given [/home/user/Desktop/Personal_Stuff/Homework/an4/LICENTA/vivado/blink/blink.gen/sources_1/bd/design_1/synth/design_1.v:220]
INFO: [Synth 8-6157] synthesizing module 'design_1_rst_ps7_0_50M_0' [/home/user/Desktop/Personal_Stuff/Homework/an4/LICENTA/vivado/blink/blink.runs/synth_1/.Xil/Vivado-77940-lenovo/realtime/design_1_rst_ps7_0_50M_0_stub.v:6]
INFO: [Synth 8-6155] done synthesizing module 'design_1_rst_ps7_0_50M_0' (0#1) [/home/user/Desktop/Personal_Stuff/Homework/an4/LICENTA/vivado/blink/blink.runs/synth_1/.Xil/Vivado-77940-lenovo/realtime/design_1_rst_ps7_0_50M_0_stub.v:6]
WARNING: [Synth 8-7071] port 'mb_reset' of module 'design_1_rst_ps7_0_50M_0' is unconnected for instance 'rst_ps7_0_50M' [/home/user/Desktop/Personal_Stuff/Homework/an4/LICENTA/vivado/blink/blink.gen/sources_1/bd/design_1/synth/design_1.v:284]
WARNING: [Synth 8-7071] port 'bus_struct_reset' of module 'design_1_rst_ps7_0_50M_0' is unconnected for instance 'rst_ps7_0_50M' [/home/user/Desktop/Personal_Stuff/Homework/an4/LICENTA/vivado/blink/blink.gen/sources_1/bd/design_1/synth/design_1.v:284]
WARNING: [Synth 8-7071] port 'peripheral_reset' of module 'design_1_rst_ps7_0_50M_0' is unconnected for instance 'rst_ps7_0_50M' [/home/user/Desktop/Personal_Stuff/Homework/an4/LICENTA/vivado/blink/blink.gen/sources_1/bd/design_1/synth/design_1.v:284]
WARNING: [Synth 8-7071] port 'interconnect_aresetn' of module 'design_1_rst_ps7_0_50M_0' is unconnected for instance 'rst_ps7_0_50M' [/home/user/Desktop/Personal_Stuff/Homework/an4/LICENTA/vivado/blink/blink.gen/sources_1/bd/design_1/synth/design_1.v:284]
WARNING: [Synth 8-7023] instance 'rst_ps7_0_50M' of module 'design_1_rst_ps7_0_50M_0' has 10 connections declared, but only 6 given [/home/user/Desktop/Personal_Stuff/Homework/an4/LICENTA/vivado/blink/blink.gen/sources_1/bd/design_1/synth/design_1.v:284]
INFO: [Synth 8-6155] done synthesizing module 'design_1' (0#1) [/home/user/Desktop/Personal_Stuff/Homework/an4/LICENTA/vivado/blink/blink.gen/sources_1/bd/design_1/synth/design_1.v:13]
INFO: [Synth 8-6155] done synthesizing module 'design_1_wrapper' (0#1) [/home/user/Desktop/Personal_Stuff/Homework/an4/LICENTA/vivado/blink/blink.gen/sources_1/bd/design_1/hdl/design_1_wrapper.v:13]
---------------------------------------------------------------------------------
Finished RTL Elaboration : Time (s): cpu = 00:00:05 ; elapsed = 00:00:05 . Memory (MB): peak = 2211.555 ; gain = 522.648 ; free physical = 2206 ; free virtual = 8765
---------------------------------------------------------------------------------
---------------------------------------------------------------------------------
Start Handling Custom Attributes
---------------------------------------------------------------------------------
---------------------------------------------------------------------------------
Finished Handling Custom Attributes : Time (s): cpu = 00:00:05 ; elapsed = 00:00:05 . Memory (MB): peak = 2223.430 ; gain = 534.523 ; free physical = 2206 ; free virtual = 8764
---------------------------------------------------------------------------------
---------------------------------------------------------------------------------
Finished RTL Optimization Phase 1 : Time (s): cpu = 00:00:05 ; elapsed = 00:00:05 . Memory (MB): peak = 2223.430 ; gain = 534.523 ; free physical = 2206 ; free virtual = 8764
---------------------------------------------------------------------------------
Netlist sorting complete. Time (s): cpu = 00:00:00 ; elapsed = 00:00:00 . Memory (MB): peak = 2223.430 ; gain = 0.000 ; free physical = 2206 ; free virtual = 8765
INFO: [Project 1-570] Preparing netlist for logic optimization

Processing XDC Constraints
Initializing timing engine
Parsing XDC File [/home/user/Desktop/Personal_Stuff/Homework/an4/LICENTA/vivado/blink/blink.gen/sources_1/bd/design_1/ip/design_1_processing_system7_0_1/design_1_processing_system7_0_1/design_1_processing_system7_0_1_in_context.xdc] for cell 'design_1_i/processing_system7_0'
Finished Parsing XDC File [/home/user/Desktop/Personal_Stuff/Homework/an4/LICENTA/vivado/blink/blink.gen/sources_1/bd/design_1/ip/design_1_processing_system7_0_1/design_1_processing_system7_0_1/design_1_processing_system7_0_1_in_context.xdc] for cell 'design_1_i/processing_system7_0'
Parsing XDC File [/home/user/Desktop/Personal_Stuff/Homework/an4/LICENTA/vivado/blink/blink.gen/sources_1/bd/design_1/ip/design_1_axi_gpio_0_1/design_1_axi_gpio_0_1/design_1_axi_gpio_0_0_in_context.xdc] for cell 'design_1_i/axi_gpio_0'
Finished Parsing XDC File [/home/user/Desktop/Personal_Stuff/Homework/an4/LICENTA/vivado/blink/blink.gen/sources_1/bd/design_1/ip/design_1_axi_gpio_0_1/design_1_axi_gpio_0_1/design_1_axi_gpio_0_0_in_context.xdc] for cell 'design_1_i/axi_gpio_0'
Parsing XDC File [/home/user/Desktop/Personal_Stuff/Homework/an4/LICENTA/vivado/blink/blink.gen/sources_1/bd/design_1/ip/design_1_axi_smc_0/design_1_axi_smc_0/design_1_axi_smc_0_in_context.xdc] for cell 'design_1_i/axi_smc'
Finished Parsing XDC File [/home/user/Desktop/Personal_Stuff/Homework/an4/LICENTA/vivado/blink/blink.gen/sources_1/bd/design_1/ip/design_1_axi_smc_0/design_1_axi_smc_0/design_1_axi_smc_0_in_context.xdc] for cell 'design_1_i/axi_smc'
Parsing XDC File [/home/user/Desktop/Personal_Stuff/Homework/an4/LICENTA/vivado/blink/blink.gen/sources_1/bd/design_1/ip/design_1_rst_ps7_0_50M_0/design_1_rst_ps7_0_50M_0/design_1_proc_sys_reset_0_0_in_context.xdc] for cell 'design_1_i/rst_ps7_0_50M'
Finished Parsing XDC File [/home/user/Desktop/Personal_Stuff/Homework/an4/LICENTA/vivado/blink/blink.gen/sources_1/bd/design_1/ip/design_1_rst_ps7_0_50M_0/design_1_rst_ps7_0_50M_0/design_1_proc_sys_reset_0_0_in_context.xdc] for cell 'design_1_i/rst_ps7_0_50M'
Parsing XDC File [/home/user/Desktop/Personal_Stuff/Homework/an4/LICENTA/vivado/blink/blink.runs/synth_1/dont_touch.xdc]
Finished Parsing XDC File [/home/user/Desktop/Personal_Stuff/Homework/an4/LICENTA/vivado/blink/blink.runs/synth_1/dont_touch.xdc]
Completed Processing XDC Constraints

Netlist sorting complete. Time (s): cpu = 00:00:00 ; elapsed = 00:00:00 . Memory (MB): peak = 2266.418 ; gain = 0.000 ; free physical = 2248 ; free virtual = 8806
INFO: [Project 1-111] Unisim Transformation Summary:
No Unisim elements were transformed.

Constraint Validation Runtime : Time (s): cpu = 00:00:00 ; elapsed = 00:00:00 . Memory (MB): peak = 2266.453 ; gain = 0.000 ; free physical = 2247 ; free virtual = 8806
INFO: [Designutils 20-5440] No compile time benefit to using incremental synthesis; A full resynthesis will be run
INFO: [Designutils 20-4379] Flow is switching to default flow due to incremental criteria not met. If you would like to alter this behaviour and have the flow terminate instead, please set the following parameter config_implementation {autoIncr.Synth.RejectBehavior Terminate}
---------------------------------------------------------------------------------
Finished Constraint Validation : Time (s): cpu = 00:00:11 ; elapsed = 00:00:11 . Memory (MB): peak = 2266.453 ; gain = 577.547 ; free physical = 2315 ; free virtual = 8874
---------------------------------------------------------------------------------
---------------------------------------------------------------------------------
Start Loading Part and Timing Information
---------------------------------------------------------------------------------
Loading part: xc7z010clg400-1
---------------------------------------------------------------------------------
Finished Loading Part and Timing Information : Time (s): cpu = 00:00:11 ; elapsed = 00:00:11 . Memory (MB): peak = 2274.422 ; gain = 585.516 ; free physical = 2316 ; free virtual = 8874
---------------------------------------------------------------------------------
---------------------------------------------------------------------------------
Start Applying 'set_property' XDC Constraints
---------------------------------------------------------------------------------
---------------------------------------------------------------------------------
Finished applying 'set_property' XDC Constraints : Time (s): cpu = 00:00:11 ; elapsed = 00:00:11 . Memory (MB): peak = 2274.422 ; gain = 585.516 ; free physical = 2273 ; free virtual = 8835
---------------------------------------------------------------------------------
---------------------------------------------------------------------------------
Finished RTL Optimization Phase 2 : Time (s): cpu = 00:00:11 ; elapsed = 00:00:11 . Memory (MB): peak = 2274.422 ; gain = 585.516 ; free physical = 2275 ; free virtual = 8837
---------------------------------------------------------------------------------
---------------------------------------------------------------------------------
Start RTL Component Statistics 
---------------------------------------------------------------------------------
Detailed RTL Component Info : 
---------------------------------------------------------------------------------
Finished RTL Component Statistics 
---------------------------------------------------------------------------------
---------------------------------------------------------------------------------
Start Part Resource Summary
---------------------------------------------------------------------------------
Part Resources:
DSPs: 80 (col length:40)
BRAMs: 120 (col length: RAMB18 40 RAMB36 20)
---------------------------------------------------------------------------------
Finished Part Resource Summary
---------------------------------------------------------------------------------
---------------------------------------------------------------------------------
Start Cross Boundary and Area Optimization
---------------------------------------------------------------------------------
WARNING: [Synth 8-7080] Parallel synthesis criteria is not met
---------------------------------------------------------------------------------
Finished Cross Boundary and Area Optimization : Time (s): cpu = 00:00:12 ; elapsed = 00:00:13 . Memory (MB): peak = 2274.422 ; gain = 585.516 ; free physical = 2354 ; free virtual = 8897
---------------------------------------------------------------------------------
---------------------------------------------------------------------------------
Start Applying XDC Timing Constraints
---------------------------------------------------------------------------------
---------------------------------------------------------------------------------
Finished Applying XDC Timing Constraints : Time (s): cpu = 00:00:17 ; elapsed = 00:00:17 . Memory (MB): peak = 2374.422 ; gain = 685.516 ; free physical = 2249 ; free virtual = 8792
---------------------------------------------------------------------------------
---------------------------------------------------------------------------------
Start Timing Optimization
---------------------------------------------------------------------------------
---------------------------------------------------------------------------------
Finished Timing Optimization : Time (s): cpu = 00:00:17 ; elapsed = 00:00:17 . Memory (MB): peak = 2374.422 ; gain = 685.516 ; free physical = 2249 ; free virtual = 8792
---------------------------------------------------------------------------------
---------------------------------------------------------------------------------
Start Technology Mapping
---------------------------------------------------------------------------------
---------------------------------------------------------------------------------
Finished Technology Mapping : Time (s): cpu = 00:00:17 ; elapsed = 00:00:17 . Memory (MB): peak = 2384.438 ; gain = 695.531 ; free physical = 2240 ; free virtual = 8783
---------------------------------------------------------------------------------
---------------------------------------------------------------------------------
Start IO Insertion
---------------------------------------------------------------------------------
---------------------------------------------------------------------------------
Start Flattening Before IO Insertion
---------------------------------------------------------------------------------
---------------------------------------------------------------------------------
Finished Flattening Before IO Insertion
---------------------------------------------------------------------------------
---------------------------------------------------------------------------------
Start Final Netlist Cleanup
---------------------------------------------------------------------------------
---------------------------------------------------------------------------------
Finished Final Netlist Cleanup
---------------------------------------------------------------------------------
---------------------------------------------------------------------------------
Finished IO Insertion : Time (s): cpu = 00:00:20 ; elapsed = 00:00:21 . Memory (MB): peak = 2560.250 ; gain = 871.344 ; free physical = 2058 ; free virtual = 8623
---------------------------------------------------------------------------------
---------------------------------------------------------------------------------
Start Renaming Generated Instances
---------------------------------------------------------------------------------
---------------------------------------------------------------------------------
Finished Renaming Generated Instances : Time (s): cpu = 00:00:20 ; elapsed = 00:00:21 . Memory (MB): peak = 2560.250 ; gain = 871.344 ; free physical = 2058 ; free virtual = 8623
---------------------------------------------------------------------------------
---------------------------------------------------------------------------------
Start Rebuilding User Hierarchy
---------------------------------------------------------------------------------
---------------------------------------------------------------------------------
Finished Rebuilding User Hierarchy : Time (s): cpu = 00:00:20 ; elapsed = 00:00:21 . Memory (MB): peak = 2560.250 ; gain = 871.344 ; free physical = 2057 ; free virtual = 8622
---------------------------------------------------------------------------------
---------------------------------------------------------------------------------
Start Renaming Generated Ports
---------------------------------------------------------------------------------
---------------------------------------------------------------------------------
Finished Renaming Generated Ports : Time (s): cpu = 00:00:20 ; elapsed = 00:00:21 . Memory (MB): peak = 2560.250 ; gain = 871.344 ; free physical = 2055 ; free virtual = 8620
---------------------------------------------------------------------------------
---------------------------------------------------------------------------------
Start Handling Custom Attributes
---------------------------------------------------------------------------------
---------------------------------------------------------------------------------
Finished Handling Custom Attributes : Time (s): cpu = 00:00:20 ; elapsed = 00:00:21 . Memory (MB): peak = 2560.250 ; gain = 871.344 ; free physical = 2050 ; free virtual = 8614
---------------------------------------------------------------------------------
---------------------------------------------------------------------------------
Start Renaming Generated Nets
---------------------------------------------------------------------------------
---------------------------------------------------------------------------------
Finished Renaming Generated Nets : Time (s): cpu = 00:00:20 ; elapsed = 00:00:21 . Memory (MB): peak = 2560.250 ; gain = 871.344 ; free physical = 2050 ; free virtual = 8614
---------------------------------------------------------------------------------
---------------------------------------------------------------------------------
Start Writing Synthesis Report
---------------------------------------------------------------------------------

Report BlackBoxes: 
+------+--------------------------------+----------+
|      |BlackBox name                   |Instances |
+------+--------------------------------+----------+
|1     |design_1_axi_gpio_0_1           |         1|
|2     |design_1_axi_smc_0              |         1|
|3     |design_1_processing_system7_0_1 |         1|
|4     |design_1_rst_ps7_0_50M_0        |         1|
+------+--------------------------------+----------+

Report Cell Usage: 
+------+------------------------------+------+
|      |Cell                          |Count |
+------+------------------------------+------+
|1     |design_1_axi_gpio_0           |     1|
|2     |design_1_axi_smc              |     1|
|3     |design_1_processing_system7_0 |     1|
|4     |design_1_rst_ps7_0_50M        |     1|
|5     |OBUF                          |     4|
+------+------------------------------+------+
---------------------------------------------------------------------------------
Finished Writing Synthesis Report : Time (s): cpu = 00:00:20 ; elapsed = 00:00:21 . Memory (MB): peak = 2560.250 ; gain = 871.344 ; free physical = 2050 ; free virtual = 8614
---------------------------------------------------------------------------------
Synthesis finished with 0 errors, 0 critical warnings and 1 warnings.
Synthesis Optimization Runtime : Time (s): cpu = 00:00:19 ; elapsed = 00:00:19 . Memory (MB): peak = 2560.250 ; gain = 828.320 ; free physical = 1988 ; free virtual = 8552
Synthesis Optimization Complete : Time (s): cpu = 00:00:20 ; elapsed = 00:00:21 . Memory (MB): peak = 2560.258 ; gain = 871.344 ; free physical = 1987 ; free virtual = 8552
INFO: [Project 1-571] Translating synthesized netlist
Netlist sorting complete. Time (s): cpu = 00:00:00 ; elapsed = 00:00:00 . Memory (MB): peak = 2560.258 ; gain = 0.000 ; free physical = 1983 ; free virtual = 8547
INFO: [Project 1-570] Preparing netlist for logic optimization
INFO: [Opt 31-138] Pushed 0 inverter(s) to 0 load pin(s).
Netlist sorting complete. Time (s): cpu = 00:00:00 ; elapsed = 00:00:00 . Memory (MB): peak = 2560.258 ; gain = 0.000 ; free physical = 2120 ; free virtual = 8689
INFO: [Project 1-111] Unisim Transformation Summary:
No Unisim elements were transformed.

Synth Design complete | Checksum: a9066d75
INFO: [Common 17-83] Releasing license: Synthesis
33 Infos, 12 Warnings, 0 Critical Warnings and 0 Errors encountered.
synth_design completed successfully
synth_design: Time (s): cpu = 00:00:29 ; elapsed = 00:00:27 . Memory (MB): peak = 2560.285 ; gain = 1043.699 ; free physical = 2117 ; free virtual = 8685
INFO: [Common 17-2834] synth_design peak Physical Memory [PSS] (MB): overall = 1933.181; main = 1733.451; forked = 274.961
INFO: [Common 17-2834] synth_design peak Virtual Memory [VSS] (MB): overall = 3490.742; main = 2560.254; forked = 972.301
Write ShapeDB Complete: Time (s): cpu = 00:00:00 ; elapsed = 00:00:00 . Memory (MB): peak = 2584.262 ; gain = 0.000 ; free physical = 2117 ; free virtual = 8686
INFO: [Common 17-1381] The checkpoint '/home/user/Desktop/Personal_Stuff/Homework/an4/LICENTA/vivado/blink/blink.runs/synth_1/design_1_wrapper.dcp' has been generated.
INFO: [Vivado 12-24828] Executing command : report_utilization -file design_1_wrapper_utilization_synth.rpt -pb design_1_wrapper_utilization_synth.pb
INFO: [Common 17-206] Exiting Vivado at Fri Jan  2 21:04:22 2026...
