
*** Running vivado
    with args -log design_1_wrapper.vdi -applog -m64 -product Vivado -messageDb vivado.pb -mode batch -source design_1_wrapper.tcl -notrace


****** Vivado v2025.1 (64-bit)
  **** SW Build 6140274 on Wed May 21 22:58:25 MDT 2025
  **** IP Build 6138677 on Thu May 22 03:10:11 MDT 2025
  **** SharedData Build 6139179 on Tue May 20 17:58:58 MDT 2025
  **** Start of session at: Fri Jan  2 16:02:26 2026
    ** Copyright 1986-2022 Xilinx, Inc. All Rights Reserved.
    ** Copyright 2022-2025 Advanced Micro Devices, Inc. All Rights Reserved.

source design_1_wrapper.tcl -notrace
INFO: [IP_Flow 19-234] Refreshing IP repositories
INFO: [IP_Flow 19-1704] No user IP repositories specified
INFO: [IP_Flow 19-2313] Loaded Vivado IP repository '/home/user/Xilinx/2025.1/Vivado/data/ip'.
Command: link_design -top design_1_wrapper -part xc7z010clg400-1
Design is defaulting to srcset: sources_1
Design is defaulting to constrset: constrs_1
INFO: [Device 21-403] Loading part xc7z010clg400-1
INFO: [Project 1-5699] Read binary netlist with skipMacroContent - 1
INFO: [Project 1-454] Reading design checkpoint '/home/user/Desktop/Personal_Stuff/Homework/an4/LICENTA/vivado/Hello_world_minized/Hello_world_minized.gen/sources_1/bd/design_1/ip/design_1_processing_system7_0_0/design_1_processing_system7_0_0.dcp' for cell 'design_1_i/processing_system7_0'
Netlist sorting complete. Time (s): cpu = 00:00:00 ; elapsed = 00:00:00.01 . Memory (MB): peak = 1694.723 ; gain = 0.000 ; free physical = 5501 ; free virtual = 12571
INFO: [Project 1-479] Netlist was created with Vivado 2025.1
INFO: [Project 1-570] Preparing netlist for logic optimization
Parsing XDC File [/home/user/Desktop/Personal_Stuff/Homework/an4/LICENTA/vivado/Hello_world_minized/Hello_world_minized.gen/sources_1/bd/design_1/ip/design_1_processing_system7_0_0/design_1_processing_system7_0_0.xdc] for cell 'design_1_i/processing_system7_0/inst'
Finished Parsing XDC File [/home/user/Desktop/Personal_Stuff/Homework/an4/LICENTA/vivado/Hello_world_minized/Hello_world_minized.gen/sources_1/bd/design_1/ip/design_1_processing_system7_0_0/design_1_processing_system7_0_0.xdc] for cell 'design_1_i/processing_system7_0/inst'
INFO: [Opt 31-138] Pushed 0 inverter(s) to 0 load pin(s).
Netlist sorting complete. Time (s): cpu = 00:00:00 ; elapsed = 00:00:00 . Memory (MB): peak = 1833.207 ; gain = 0.000 ; free physical = 5411 ; free virtual = 12480
INFO: [Project 1-111] Unisim Transformation Summary:
No Unisim elements were transformed.

10 Infos, 0 Warnings, 0 Critical Warnings and 0 Errors encountered.
link_design completed successfully
Command: opt_design
Attempting to get a license for feature 'Implementation' and/or device 'xc7z010'
INFO: [Common 17-349] Got license for feature 'Implementation' and/or device 'xc7z010'
Running DRC as a precondition to command opt_design

Starting DRC Task
INFO: [DRC 23-27] Running DRC with 8 threads
INFO: [Project 1-461] DRC finished with 0 Errors
INFO: [Project 1-462] Please refer to the DRC report (report_drc) for more information.

Time (s): cpu = 00:00:06 ; elapsed = 00:00:01 . Memory (MB): peak = 1964.590 ; gain = 131.348 ; free physical = 5324 ; free virtual = 12394

Starting Cache Timing Information Task
INFO: [Timing 38-35] Done setting XDC timing constraints.
Ending Cache Timing Information Task | Checksum: 15cd01d39

Time (s): cpu = 00:00:05 ; elapsed = 00:00:05 . Memory (MB): peak = 2299.668 ; gain = 335.078 ; free physical = 4892 ; free virtual = 11976

Starting Logic Optimization Task

Phase 1 Initialization

Phase 1.1 Core Generation And Design Setup
Phase 1.1 Core Generation And Design Setup | Checksum: 15cd01d39

Time (s): cpu = 00:00:00 ; elapsed = 00:00:00 . Memory (MB): peak = 2655.449 ; gain = 0.000 ; free physical = 4588 ; free virtual = 11678

Phase 1.2 Setup Constraints And Sort Netlist
Phase 1.2 Setup Constraints And Sort Netlist | Checksum: 15cd01d39

Time (s): cpu = 00:00:00.01 ; elapsed = 00:00:00 . Memory (MB): peak = 2655.449 ; gain = 0.000 ; free physical = 4588 ; free virtual = 11678
Phase 1 Initialization | Checksum: 15cd01d39

Time (s): cpu = 00:00:00.01 ; elapsed = 00:00:00.01 . Memory (MB): peak = 2655.449 ; gain = 0.000 ; free physical = 4588 ; free virtual = 11678

Phase 2 Timer Update And Timing Data Collection

Phase 2.1 Timer Update
Phase 2.1 Timer Update | Checksum: 15cd01d39

Time (s): cpu = 00:00:00.02 ; elapsed = 00:00:00.01 . Memory (MB): peak = 2655.449 ; gain = 0.000 ; free physical = 4595 ; free virtual = 11685

Phase 2.2 Timing Data Collection
Phase 2.2 Timing Data Collection | Checksum: 15cd01d39

Time (s): cpu = 00:00:00.03 ; elapsed = 00:00:00.02 . Memory (MB): peak = 2655.449 ; gain = 0.000 ; free physical = 4595 ; free virtual = 11685
Phase 2 Timer Update And Timing Data Collection | Checksum: 15cd01d39

Time (s): cpu = 00:00:00.03 ; elapsed = 00:00:00.02 . Memory (MB): peak = 2655.449 ; gain = 0.000 ; free physical = 4595 ; free virtual = 11685

Phase 3 Retarget
INFO: [Opt 31-1851] Number of loadless carry chains removed were: 0
INFO: [Opt 31-1834] Total Chains To Be Transformed Were: 0 AND Number of Transformed insts Created are: 0
INFO: [Opt 31-138] Pushed 0 inverter(s) to 0 load pin(s).
INFO: [Opt 31-49] Retargeted 0 cell(s).
Phase 3 Retarget | Checksum: 1bc75542a

Time (s): cpu = 00:00:00.04 ; elapsed = 00:00:00.04 . Memory (MB): peak = 2655.449 ; gain = 0.000 ; free physical = 4595 ; free virtual = 11685
Retarget | Checksum: 1bc75542a
INFO: [Opt 31-389] Phase Retarget created 0 cells and removed 24 cells

Phase 4 Constant propagation
INFO: [Opt 31-138] Pushed 0 inverter(s) to 0 load pin(s).
Phase 4 Constant propagation | Checksum: 1bc75542a

Time (s): cpu = 00:00:00.05 ; elapsed = 00:00:00.04 . Memory (MB): peak = 2655.449 ; gain = 0.000 ; free physical = 4595 ; free virtual = 11685
Constant propagation | Checksum: 1bc75542a
INFO: [Opt 31-389] Phase Constant propagation created 0 cells and removed 0 cells

Phase 5 Sweep
INFO: [Constraints 18-11670] Building netlist checker database with flags, 0x8
Done building netlist checker database: Time (s): cpu = 00:00:00 ; elapsed = 00:00:00 . Memory (MB): peak = 2655.449 ; gain = 0.000 ; free physical = 4594 ; free virtual = 11684
INFO: [Constraints 18-11670] Building netlist checker database with flags, 0x8
Done building netlist checker database: Time (s): cpu = 00:00:00 ; elapsed = 00:00:00 . Memory (MB): peak = 2655.449 ; gain = 0.000 ; free physical = 4594 ; free virtual = 11684
Phase 5 Sweep | Checksum: 10a69f1b7

Time (s): cpu = 00:00:00.1 ; elapsed = 00:00:00.09 . Memory (MB): peak = 2655.449 ; gain = 0.000 ; free physical = 4594 ; free virtual = 11684
Sweep | Checksum: 10a69f1b7
INFO: [Opt 31-389] Phase Sweep created 0 cells and removed 1 cells

Phase 6 BUFG optimization
Phase 6 BUFG optimization | Checksum: 10a69f1b7

Time (s): cpu = 00:00:00.11 ; elapsed = 00:00:00.1 . Memory (MB): peak = 2687.465 ; gain = 32.016 ; free physical = 4594 ; free virtual = 11684
BUFG optimization | Checksum: 10a69f1b7
INFO: [Opt 31-662] Phase BUFG optimization created 0 cells of which 0 are BUFGs and removed 0 cells.

Phase 7 Shift Register Optimization
INFO: [Opt 31-1064] SRL Remap converted 0 SRLs to 0 registers and converted 0 registers of register chains to 0 SRLs
Phase 7 Shift Register Optimization | Checksum: 10a69f1b7

Time (s): cpu = 00:00:00.12 ; elapsed = 00:00:00.11 . Memory (MB): peak = 2687.465 ; gain = 32.016 ; free physical = 4594 ; free virtual = 11684
Shift Register Optimization | Checksum: 10a69f1b7
INFO: [Opt 31-389] Phase Shift Register Optimization created 0 cells and removed 0 cells

Phase 8 Post Processing Netlist
Phase 8 Post Processing Netlist | Checksum: 10a69f1b7

Time (s): cpu = 00:00:00.13 ; elapsed = 00:00:00.11 . Memory (MB): peak = 2687.465 ; gain = 32.016 ; free physical = 4594 ; free virtual = 11684
Post Processing Netlist | Checksum: 10a69f1b7
INFO: [Opt 31-389] Phase Post Processing Netlist created 0 cells and removed 0 cells

Phase 9 Finalization

Phase 9.1 Finalizing Design Cores and Updating Shapes
Phase 9.1 Finalizing Design Cores and Updating Shapes | Checksum: 1ca38cf21

Time (s): cpu = 00:00:00.15 ; elapsed = 00:00:00.14 . Memory (MB): peak = 2687.465 ; gain = 32.016 ; free physical = 4594 ; free virtual = 11684

Phase 9.2 Verifying Netlist Connectivity

Starting Connectivity Check Task

Time (s): cpu = 00:00:00.01 ; elapsed = 00:00:00 . Memory (MB): peak = 2687.465 ; gain = 0.000 ; free physical = 4594 ; free virtual = 11684
Phase 9.2 Verifying Netlist Connectivity | Checksum: 1ca38cf21

Time (s): cpu = 00:00:00.16 ; elapsed = 00:00:00.14 . Memory (MB): peak = 2687.465 ; gain = 32.016 ; free physical = 4594 ; free virtual = 11684
Phase 9 Finalization | Checksum: 1ca38cf21

Time (s): cpu = 00:00:00.16 ; elapsed = 00:00:00.14 . Memory (MB): peak = 2687.465 ; gain = 32.016 ; free physical = 4594 ; free virtual = 11684
Opt_design Change Summary
=========================


-------------------------------------------------------------------------------------------------------------------------
|  Phase                        |  #Cells created  |  #Cells Removed  |  #Constrained objects preventing optimizations  |
-------------------------------------------------------------------------------------------------------------------------
|  Retarget                     |               0  |              24  |                                              0  |
|  Constant propagation         |               0  |               0  |                                              0  |
|  Sweep                        |               0  |               1  |                                              0  |
|  BUFG optimization            |               0  |               0  |                                              0  |
|  Shift Register Optimization  |               0  |               0  |                                              0  |
|  Post Processing Netlist      |               0  |               0  |                                              0  |
-------------------------------------------------------------------------------------------------------------------------


Ending Logic Optimization Task | Checksum: 1ca38cf21

Time (s): cpu = 00:00:00.16 ; elapsed = 00:00:00.15 . Memory (MB): peak = 2687.465 ; gain = 32.016 ; free physical = 4594 ; free virtual = 11684

Starting Power Optimization Task
INFO: [Pwropt 34-132] Skipping clock gating for clocks with a period < 2.00 ns.
Ending Power Optimization Task | Checksum: 1ca38cf21

Time (s): cpu = 00:00:00.01 ; elapsed = 00:00:00.01 . Memory (MB): peak = 2687.465 ; gain = 0.000 ; free physical = 4593 ; free virtual = 11683

Starting Final Cleanup Task
Ending Final Cleanup Task | Checksum: 1ca38cf21

Time (s): cpu = 00:00:00 ; elapsed = 00:00:00 . Memory (MB): peak = 2687.465 ; gain = 0.000 ; free physical = 4593 ; free virtual = 11683

Starting Netlist Obfuscation Task
Netlist sorting complete. Time (s): cpu = 00:00:00 ; elapsed = 00:00:00 . Memory (MB): peak = 2687.465 ; gain = 0.000 ; free physical = 4593 ; free virtual = 11683
Ending Netlist Obfuscation Task | Checksum: 1ca38cf21

Time (s): cpu = 00:00:00 ; elapsed = 00:00:00 . Memory (MB): peak = 2687.465 ; gain = 0.000 ; free physical = 4593 ; free virtual = 11683
INFO: [Common 17-83] Releasing license: Implementation
31 Infos, 0 Warnings, 0 Critical Warnings and 0 Errors encountered.
opt_design completed successfully
opt_design: Time (s): cpu = 00:00:12 ; elapsed = 00:00:08 . Memory (MB): peak = 2687.465 ; gain = 854.223 ; free physical = 4593 ; free virtual = 11683
INFO: [Vivado 12-24828] Executing command : report_drc -file design_1_wrapper_drc_opted.rpt -pb design_1_wrapper_drc_opted.pb -rpx design_1_wrapper_drc_opted.rpx
Command: report_drc -file design_1_wrapper_drc_opted.rpt -pb design_1_wrapper_drc_opted.pb -rpx design_1_wrapper_drc_opted.rpx
INFO: [IP_Flow 19-1839] IP Catalog is up to date.
INFO: [DRC 23-27] Running DRC with 8 threads
INFO: [Vivado_Tcl 2-168] The results of DRC are in file /home/user/Desktop/Personal_Stuff/Homework/an4/LICENTA/vivado/Hello_world_minized/Hello_world_minized.runs/impl_1/design_1_wrapper_drc_opted.rpt.
report_drc completed successfully
INFO: [Timing 38-480] Writing timing data to binary archive.
Write ShapeDB Complete: Time (s): cpu = 00:00:00.01 ; elapsed = 00:00:00 . Memory (MB): peak = 2787.559 ; gain = 0.000 ; free physical = 4491 ; free virtual = 11582
Wrote PlaceDB: Time (s): cpu = 00:00:00.03 ; elapsed = 00:00:00.01 . Memory (MB): peak = 2787.559 ; gain = 0.000 ; free physical = 4491 ; free virtual = 11582
Wrote PulsedLatchDB: Time (s): cpu = 00:00:00 ; elapsed = 00:00:00 . Memory (MB): peak = 2787.559 ; gain = 0.000 ; free physical = 4491 ; free virtual = 11582
Writing XDEF routing.
Writing XDEF routing logical nets.
Writing XDEF routing special nets.
Wrote RouteStorage: Time (s): cpu = 00:00:00.05 ; elapsed = 00:00:00.01 . Memory (MB): peak = 2787.559 ; gain = 0.000 ; free physical = 4487 ; free virtual = 11579
Wrote Netlist Cache: Time (s): cpu = 00:00:00 ; elapsed = 00:00:00 . Memory (MB): peak = 2787.559 ; gain = 0.000 ; free physical = 4487 ; free virtual = 11579
Wrote Device Cache: Time (s): cpu = 00:00:00.01 ; elapsed = 00:00:00.01 . Memory (MB): peak = 2787.559 ; gain = 0.000 ; free physical = 4483 ; free virtual = 11575
Write Physdb Complete: Time (s): cpu = 00:00:00.1 ; elapsed = 00:00:00.03 . Memory (MB): peak = 2787.559 ; gain = 0.000 ; free physical = 4483 ; free virtual = 11575
INFO: [Common 17-1381] The checkpoint '/home/user/Desktop/Personal_Stuff/Homework/an4/LICENTA/vivado/Hello_world_minized/Hello_world_minized.runs/impl_1/design_1_wrapper_opt.dcp' has been generated.
Command: place_design
Attempting to get a license for feature 'Implementation' and/or device 'xc7z010'
INFO: [Common 17-349] Got license for feature 'Implementation' and/or device 'xc7z010'
INFO: [Common 17-83] Releasing license: Implementation
INFO: [DRC 23-27] Running DRC with 8 threads
INFO: [Vivado_Tcl 4-198] DRC finished with 0 Errors
INFO: [Vivado_Tcl 4-199] Please refer to the DRC report (report_drc) for more information.
Running DRC as a precondition to command place_design
INFO: [DRC 23-27] Running DRC with 8 threads
INFO: [Vivado_Tcl 4-198] DRC finished with 0 Errors
INFO: [Vivado_Tcl 4-199] Please refer to the DRC report (report_drc) for more information.
INFO: [Place 30-611] Multithreading enabled for place_design using a maximum of 8 CPUs

Starting Placer Task

Phase 1 Placer Initialization

Phase 1.1 Placer Initialization Netlist Sorting
Netlist sorting complete. Time (s): cpu = 00:00:00 ; elapsed = 00:00:00 . Memory (MB): peak = 2838.363 ; gain = 0.000 ; free physical = 4452 ; free virtual = 11544
Phase 1.1 Placer Initialization Netlist Sorting | Checksum: fe105396

Time (s): cpu = 00:00:00 ; elapsed = 00:00:00 . Memory (MB): peak = 2838.363 ; gain = 0.000 ; free physical = 4452 ; free virtual = 11544
Netlist sorting complete. Time (s): cpu = 00:00:00 ; elapsed = 00:00:00 . Memory (MB): peak = 2838.363 ; gain = 0.000 ; free physical = 4452 ; free virtual = 11544

Phase 1.2 IO Placement/ Clock Placement/ Build Placer Device
INFO: [Timing 38-35] Done setting XDC timing constraints.
Phase 1.2 IO Placement/ Clock Placement/ Build Placer Device | Checksum: 142a93e3b

Time (s): cpu = 00:00:00.46 ; elapsed = 00:00:00.23 . Memory (MB): peak = 2894.391 ; gain = 56.027 ; free physical = 4449 ; free virtual = 11542

Phase 1.3 Build Placer Netlist Model
WARNING: [Place 30-2953] Timing driven mode will be turned off because no critical terminals were found.
Phase 1.3 Build Placer Netlist Model | Checksum: 168c77953

Time (s): cpu = 00:00:00.76 ; elapsed = 00:00:00.29 . Memory (MB): peak = 2926.406 ; gain = 88.043 ; free physical = 4448 ; free virtual = 11541

Phase 1.4 Constrain Clocks/Macros
Phase 1.4 Constrain Clocks/Macros | Checksum: 168c77953

Time (s): cpu = 00:00:00.77 ; elapsed = 00:00:00.3 . Memory (MB): peak = 2926.406 ; gain = 88.043 ; free physical = 4450 ; free virtual = 11545
Phase 1 Placer Initialization | Checksum: 168c77953

Time (s): cpu = 00:00:00.78 ; elapsed = 00:00:00.3 . Memory (MB): peak = 2926.406 ; gain = 88.043 ; free physical = 4449 ; free virtual = 11544

Phase 2 Final Placement Cleanup
Netlist sorting complete. Time (s): cpu = 00:00:00 ; elapsed = 00:00:00 . Memory (MB): peak = 2926.406 ; gain = 0.000 ; free physical = 4449 ; free virtual = 11544

Time (s): cpu = 00:00:00.78 ; elapsed = 00:00:00.3 . Memory (MB): peak = 2926.406 ; gain = 88.043 ; free physical = 4449 ; free virtual = 11544
INFO: [Place 30-281] No place-able instance is found; design doesn't contain any instance or all instances are placed
Ending Placer Task | Checksum: 142a93e3b

Time (s): cpu = 00:00:00.78 ; elapsed = 00:00:00.31 . Memory (MB): peak = 2926.406 ; gain = 88.043 ; free physical = 4449 ; free virtual = 11544
48 Infos, 1 Warnings, 0 Critical Warnings and 0 Errors encountered.
place_design completed successfully
INFO: [Vivado 12-24838] Running report commands "report_control_sets, report_io, report_utilization" in parallel.
Running report generation with 3 threads.
INFO: [Vivado 12-24828] Executing command : report_control_sets -verbose -file design_1_wrapper_control_sets_placed.rpt
report_control_sets: Time (s): cpu = 00:00:00.02 ; elapsed = 00:00:00.04 . Memory (MB): peak = 2926.406 ; gain = 0.000 ; free physical = 4431 ; free virtual = 11527
INFO: [Vivado 12-24828] Executing command : report_utilization -file design_1_wrapper_utilization_placed.rpt -pb design_1_wrapper_utilization_placed.pb
INFO: [Vivado 12-24828] Executing command : report_io -file design_1_wrapper_io_placed.rpt
report_io: Time (s): cpu = 00:00:00.11 ; elapsed = 00:00:00.13 . Memory (MB): peak = 2926.406 ; gain = 0.000 ; free physical = 4416 ; free virtual = 11511
INFO: [Timing 38-480] Writing timing data to binary archive.
Write ShapeDB Complete: Time (s): cpu = 00:00:00.01 ; elapsed = 00:00:00.01 . Memory (MB): peak = 2926.406 ; gain = 0.000 ; free physical = 4415 ; free virtual = 11511
Wrote PlaceDB: Time (s): cpu = 00:00:00.03 ; elapsed = 00:00:00 . Memory (MB): peak = 2926.406 ; gain = 0.000 ; free physical = 4415 ; free virtual = 11511
Wrote PulsedLatchDB: Time (s): cpu = 00:00:00 ; elapsed = 00:00:00 . Memory (MB): peak = 2926.406 ; gain = 0.000 ; free physical = 4415 ; free virtual = 11510
Writing XDEF routing.
Writing XDEF routing logical nets.
Writing XDEF routing special nets.
Wrote RouteStorage: Time (s): cpu = 00:00:00.05 ; elapsed = 00:00:00.01 . Memory (MB): peak = 2926.406 ; gain = 0.000 ; free physical = 4414 ; free virtual = 11511
Wrote Netlist Cache: Time (s): cpu = 00:00:00 ; elapsed = 00:00:00 . Memory (MB): peak = 2926.406 ; gain = 0.000 ; free physical = 4414 ; free virtual = 11510
Wrote Device Cache: Time (s): cpu = 00:00:00.02 ; elapsed = 00:00:00 . Memory (MB): peak = 2926.406 ; gain = 0.000 ; free physical = 4411 ; free virtual = 11508
Write Physdb Complete: Time (s): cpu = 00:00:00.1 ; elapsed = 00:00:00.05 . Memory (MB): peak = 2926.406 ; gain = 0.000 ; free physical = 4417 ; free virtual = 11514
INFO: [Common 17-1381] The checkpoint '/home/user/Desktop/Personal_Stuff/Homework/an4/LICENTA/vivado/Hello_world_minized/Hello_world_minized.runs/impl_1/design_1_wrapper_placed.dcp' has been generated.
Command: phys_opt_design
Attempting to get a license for feature 'Implementation' and/or device 'xc7z010'
INFO: [Common 17-349] Got license for feature 'Implementation' and/or device 'xc7z010'
INFO: [Vivado_Tcl 4-241] Physical synthesis in post route mode 
WARNING: [Vivado_Tcl 4-1385] Design is not legally routed. Skipping post-route optimization
INFO: [Vivado_Tcl 4-1850] phys_opt_design is skipped because design is not fully routed, please run report_route_status to get more information.
INFO: [Common 17-83] Releasing license: Implementation
58 Infos, 2 Warnings, 0 Critical Warnings and 0 Errors encountered.
phys_opt_design completed successfully
INFO: [Timing 38-480] Writing timing data to binary archive.
Write ShapeDB Complete: Time (s): cpu = 00:00:00.01 ; elapsed = 00:00:00 . Memory (MB): peak = 2926.406 ; gain = 0.000 ; free physical = 4420 ; free virtual = 11517
Wrote PlaceDB: Time (s): cpu = 00:00:00.03 ; elapsed = 00:00:00.01 . Memory (MB): peak = 2926.406 ; gain = 0.000 ; free physical = 4419 ; free virtual = 11516
Wrote PulsedLatchDB: Time (s): cpu = 00:00:00 ; elapsed = 00:00:00 . Memory (MB): peak = 2926.406 ; gain = 0.000 ; free physical = 4419 ; free virtual = 11516
Writing XDEF routing.
Writing XDEF routing logical nets.
Writing XDEF routing special nets.
Wrote RouteStorage: Time (s): cpu = 00:00:00.04 ; elapsed = 00:00:00.01 . Memory (MB): peak = 2926.406 ; gain = 0.000 ; free physical = 4419 ; free virtual = 11516
Wrote Netlist Cache: Time (s): cpu = 00:00:00 ; elapsed = 00:00:00 . Memory (MB): peak = 2926.406 ; gain = 0.000 ; free physical = 4419 ; free virtual = 11516
Wrote Device Cache: Time (s): cpu = 00:00:00.01 ; elapsed = 00:00:00.01 . Memory (MB): peak = 2926.406 ; gain = 0.000 ; free physical = 4416 ; free virtual = 11514
Write Physdb Complete: Time (s): cpu = 00:00:00.09 ; elapsed = 00:00:00.03 . Memory (MB): peak = 2926.406 ; gain = 0.000 ; free physical = 4416 ; free virtual = 11514
INFO: [Common 17-1381] The checkpoint '/home/user/Desktop/Personal_Stuff/Homework/an4/LICENTA/vivado/Hello_world_minized/Hello_world_minized.runs/impl_1/design_1_wrapper_physopt.dcp' has been generated.
Command: route_design
Attempting to get a license for feature 'Implementation' and/or device 'xc7z010'
INFO: [Common 17-349] Got license for feature 'Implementation' and/or device 'xc7z010'


Starting Routing Task
INFO: [Route 35-254] Multithreading enabled for route_design using a maximum of 8 CPUs

Phase 1 Build RT Design
Checksum: PlaceDB: 84af0060 ConstDB: 0 ShapeSum: 5461e6b0 RouteDB: 6998572b
INFO: [Timing 38-35] Done setting XDC timing constraints.
Post Restoration Checksum: NetGraph: cef76263 | NumContArr: a8297c57 | Constraints: c2a8fa9d | Timing: c2a8fa9d
Phase 1 Build RT Design | Checksum: 2fc72d3f4

Time (s): cpu = 00:00:09 ; elapsed = 00:00:08 . Memory (MB): peak = 2926.406 ; gain = 0.000 ; free physical = 4364 ; free virtual = 11456

Phase 2 Router Initialization

Phase 2.1 Fix Topology Constraints
Phase 2.1 Fix Topology Constraints | Checksum: 2fc72d3f4

Time (s): cpu = 00:00:09 ; elapsed = 00:00:08 . Memory (MB): peak = 2926.406 ; gain = 0.000 ; free physical = 4364 ; free virtual = 11456

Phase 2.2 Pre Route Cleanup
Phase 2.2 Pre Route Cleanup | Checksum: 2fc72d3f4

Time (s): cpu = 00:00:09 ; elapsed = 00:00:08 . Memory (MB): peak = 2926.406 ; gain = 0.000 ; free physical = 4364 ; free virtual = 11456
 Number of Nodes with overlaps = 0

Phase 2.3 Update Timing
Phase 2.3 Update Timing | Checksum: 2c8b5ce81

Time (s): cpu = 00:00:09 ; elapsed = 00:00:08 . Memory (MB): peak = 2926.406 ; gain = 0.000 ; free physical = 4343 ; free virtual = 11435

Phase 2.4 Soft Constraint Pins - Fast Budgeting
Phase 2.4 Soft Constraint Pins - Fast Budgeting | Checksum: 2c8b5ce81

Time (s): cpu = 00:00:09 ; elapsed = 00:00:08 . Memory (MB): peak = 2926.406 ; gain = 0.000 ; free physical = 4327 ; free virtual = 11420

Router Utilization Summary
  Global Vertical Routing Utilization    = 0 %
  Global Horizontal Routing Utilization  = 0 %
  Routable Net Status*
  *Does not include unroutable nets such as driverless and loadless.
  Run report_route_status for detailed report.
  Number of Failed Nets               = 130
    (Failed Nets is the sum of unrouted and partially routed nets)
  Number of Unrouted Nets             = 130
  Number of Partially Routed Nets     = 0
  Number of Node Overlaps             = 0

Phase 2 Router Initialization | Checksum: 2c8b5ce81

Time (s): cpu = 00:00:10 ; elapsed = 00:00:08 . Memory (MB): peak = 2926.406 ; gain = 0.000 ; free physical = 4327 ; free virtual = 11420

Phase 3 Global Routing
Phase 3 Global Routing | Checksum: 2c8b5ce81

Time (s): cpu = 00:00:10 ; elapsed = 00:00:08 . Memory (MB): peak = 2926.406 ; gain = 0.000 ; free physical = 4327 ; free virtual = 11420

Phase 4 Initial Routing

Phase 4.1 Initial Net Routing Pass
 Number of Nodes with overlaps = 0
Phase 4.1 Initial Net Routing Pass | Checksum: 269a30667

Time (s): cpu = 00:00:10 ; elapsed = 00:00:08 . Memory (MB): peak = 2926.406 ; gain = 0.000 ; free physical = 4326 ; free virtual = 11420
Phase 4 Initial Routing | Checksum: 269a30667

Time (s): cpu = 00:00:10 ; elapsed = 00:00:08 . Memory (MB): peak = 2926.406 ; gain = 0.000 ; free physical = 4326 ; free virtual = 11420

Phase 5 Rip-up And Reroute

Phase 5.1 Global Iteration 0
Phase 5.1 Global Iteration 0 | Checksum: 269a30667

Time (s): cpu = 00:00:10 ; elapsed = 00:00:08 . Memory (MB): peak = 2926.406 ; gain = 0.000 ; free physical = 4327 ; free virtual = 11420
Phase 5 Rip-up And Reroute | Checksum: 269a30667

Time (s): cpu = 00:00:10 ; elapsed = 00:00:08 . Memory (MB): peak = 2926.406 ; gain = 0.000 ; free physical = 4327 ; free virtual = 11420

Phase 6 Delay and Skew Optimization

Phase 6.1 Delay CleanUp
Phase 6.1 Delay CleanUp | Checksum: 269a30667

Time (s): cpu = 00:00:10 ; elapsed = 00:00:08 . Memory (MB): peak = 2926.406 ; gain = 0.000 ; free physical = 4327 ; free virtual = 11420

Phase 6.2 Clock Skew Optimization
Phase 6.2 Clock Skew Optimization | Checksum: 269a30667

Time (s): cpu = 00:00:10 ; elapsed = 00:00:08 . Memory (MB): peak = 2926.406 ; gain = 0.000 ; free physical = 4327 ; free virtual = 11420
Phase 6 Delay and Skew Optimization | Checksum: 269a30667

Time (s): cpu = 00:00:10 ; elapsed = 00:00:08 . Memory (MB): peak = 2926.406 ; gain = 0.000 ; free physical = 4327 ; free virtual = 11420

Phase 7 Post Hold Fix

Phase 7.1 Hold Fix Iter
Phase 7.1 Hold Fix Iter | Checksum: 269a30667

Time (s): cpu = 00:00:10 ; elapsed = 00:00:08 . Memory (MB): peak = 2926.406 ; gain = 0.000 ; free physical = 4327 ; free virtual = 11420
Phase 7 Post Hold Fix | Checksum: 269a30667

Time (s): cpu = 00:00:10 ; elapsed = 00:00:08 . Memory (MB): peak = 2926.406 ; gain = 0.000 ; free physical = 4327 ; free virtual = 11420

Phase 8 Route finalize

Router Utilization Summary
  Global Vertical Routing Utilization    = 0 %
  Global Horizontal Routing Utilization  = 0 %
  Routable Net Status*
  *Does not include unroutable nets such as driverless and loadless.
  Run report_route_status for detailed report.
  Number of Failed Nets               = 0
    (Failed Nets is the sum of unrouted and partially routed nets)
  Number of Unrouted Nets             = 0
  Number of Partially Routed Nets     = 0
  Number of Node Overlaps             = 0

Phase 8 Route finalize | Checksum: 269a30667

Time (s): cpu = 00:00:10 ; elapsed = 00:00:08 . Memory (MB): peak = 2926.406 ; gain = 0.000 ; free physical = 4327 ; free virtual = 11420

Phase 9 Verifying routed nets

 Verification completed successfully
Phase 9 Verifying routed nets | Checksum: 269a30667

Time (s): cpu = 00:00:10 ; elapsed = 00:00:08 . Memory (MB): peak = 2926.406 ; gain = 0.000 ; free physical = 4326 ; free virtual = 11419

Phase 10 Depositing Routes
Phase 10 Depositing Routes | Checksum: 269a30667

Time (s): cpu = 00:00:10 ; elapsed = 00:00:08 . Memory (MB): peak = 2926.406 ; gain = 0.000 ; free physical = 4325 ; free virtual = 11419

Phase 11 Post Process Routing
Phase 11 Post Process Routing | Checksum: 269a30667

Time (s): cpu = 00:00:10 ; elapsed = 00:00:08 . Memory (MB): peak = 2926.406 ; gain = 0.000 ; free physical = 4325 ; free virtual = 11419

Phase 12 Post Router Timing
Phase 12 Post Router Timing | Checksum: 269a30667

Time (s): cpu = 00:00:10 ; elapsed = 00:00:08 . Memory (MB): peak = 2926.406 ; gain = 0.000 ; free physical = 4325 ; free virtual = 11419
Total Elapsed time in route_design: 8.43 secs

Phase 13 Post-Route Event Processing
Phase 13 Post-Route Event Processing | Checksum: 1833ce3ed

Time (s): cpu = 00:00:10 ; elapsed = 00:00:08 . Memory (MB): peak = 2926.406 ; gain = 0.000 ; free physical = 4325 ; free virtual = 11418
INFO: [Route 35-16] Router Completed Successfully
Ending Routing Task | Checksum: 1833ce3ed

Time (s): cpu = 00:00:10 ; elapsed = 00:00:08 . Memory (MB): peak = 2926.406 ; gain = 0.000 ; free physical = 4325 ; free virtual = 11418

Routing Is Done.
INFO: [Common 17-83] Releasing license: Implementation
65 Infos, 2 Warnings, 0 Critical Warnings and 0 Errors encountered.
route_design completed successfully
route_design: Time (s): cpu = 00:00:10 ; elapsed = 00:00:08 . Memory (MB): peak = 2926.406 ; gain = 0.000 ; free physical = 4324 ; free virtual = 11417
INFO: [Vivado 12-24828] Executing command : report_drc -file design_1_wrapper_drc_routed.rpt -pb design_1_wrapper_drc_routed.pb -rpx design_1_wrapper_drc_routed.rpx
Command: report_drc -file design_1_wrapper_drc_routed.rpt -pb design_1_wrapper_drc_routed.pb -rpx design_1_wrapper_drc_routed.rpx
INFO: [IP_Flow 19-1839] IP Catalog is up to date.
INFO: [DRC 23-27] Running DRC with 8 threads
INFO: [Vivado_Tcl 2-168] The results of DRC are in file /home/user/Desktop/Personal_Stuff/Homework/an4/LICENTA/vivado/Hello_world_minized/Hello_world_minized.runs/impl_1/design_1_wrapper_drc_routed.rpt.
report_drc completed successfully
INFO: [Vivado 12-24828] Executing command : report_methodology -file design_1_wrapper_methodology_drc_routed.rpt -pb design_1_wrapper_methodology_drc_routed.pb -rpx design_1_wrapper_methodology_drc_routed.rpx
Command: report_methodology -file design_1_wrapper_methodology_drc_routed.rpt -pb design_1_wrapper_methodology_drc_routed.pb -rpx design_1_wrapper_methodology_drc_routed.rpx
INFO: [Timing 38-35] Done setting XDC timing constraints.
INFO: [DRC 23-133] Running Methodology with 8 threads
INFO: [Vivado_Tcl 2-1520] The results of Report Methodology are in file /home/user/Desktop/Personal_Stuff/Homework/an4/LICENTA/vivado/Hello_world_minized/Hello_world_minized.runs/impl_1/design_1_wrapper_methodology_drc_routed.rpt.
report_methodology completed successfully
INFO: [Vivado 12-24828] Executing command : report_timing_summary -max_paths 10 -routable_nets -report_unconstrained -file design_1_wrapper_timing_summary_routed.rpt -pb design_1_wrapper_timing_summary_routed.pb -rpx design_1_wrapper_timing_summary_routed.rpx -warn_on_violation 
INFO: [Timing 38-35] Done setting XDC timing constraints.
INFO: [Timing 38-91] UpdateTimingParams: Speed grade: -1, Delay Type: min_max.
INFO: [Timing 38-191] Multithreading enabled for timing update using a maximum of 8 CPUs
INFO: [Vivado 12-24838] Running report commands "report_bus_skew, report_incremental_reuse, report_route_status" in parallel.
Running report generation with 3 threads.
INFO: [Vivado 12-24828] Executing command : report_route_status -file design_1_wrapper_route_status.rpt -pb design_1_wrapper_route_status.pb
INFO: [Vivado 12-24828] Executing command : report_incremental_reuse -file design_1_wrapper_incremental_reuse_routed.rpt
INFO: [Vivado_Tcl 4-1062] Incremental flow is disabled. No incremental reuse Info to report.
INFO: [Vivado 12-24828] Executing command : report_bus_skew -warn_on_violation -file design_1_wrapper_bus_skew_routed.rpt -pb design_1_wrapper_bus_skew_routed.pb -rpx design_1_wrapper_bus_skew_routed.rpx
INFO: [Timing 38-91] UpdateTimingParams: Speed grade: -1, Delay Type: min_max.
INFO: [Timing 38-191] Multithreading enabled for timing update using a maximum of 8 CPUs
INFO: [Vivado 12-24828] Executing command : report_power -file design_1_wrapper_power_routed.rpt -pb design_1_wrapper_power_summary_routed.pb -rpx design_1_wrapper_power_routed.rpx
Command: report_power -file design_1_wrapper_power_routed.rpt -pb design_1_wrapper_power_summary_routed.pb -rpx design_1_wrapper_power_routed.rpx
Running Vector-less Activity Propagation...

Finished Running Vector-less Activity Propagation
85 Infos, 2 Warnings, 0 Critical Warnings and 0 Errors encountered.
report_power completed successfully
INFO: [Vivado 12-24828] Executing command : report_clock_utilization -file design_1_wrapper_clock_utilization_routed.rpt
INFO: [Timing 38-480] Writing timing data to binary archive.
Write ShapeDB Complete: Time (s): cpu = 00:00:00.01 ; elapsed = 00:00:00.01 . Memory (MB): peak = 3104.016 ; gain = 0.000 ; free physical = 4220 ; free virtual = 11314
Wrote PlaceDB: Time (s): cpu = 00:00:00.03 ; elapsed = 00:00:00.01 . Memory (MB): peak = 3104.016 ; gain = 0.000 ; free physical = 4220 ; free virtual = 11314
Wrote PulsedLatchDB: Time (s): cpu = 00:00:00 ; elapsed = 00:00:00 . Memory (MB): peak = 3104.016 ; gain = 0.000 ; free physical = 4220 ; free virtual = 11314
Writing XDEF routing.
Writing XDEF routing logical nets.
Writing XDEF routing special nets.
Wrote RouteStorage: Time (s): cpu = 00:00:00.05 ; elapsed = 00:00:00.02 . Memory (MB): peak = 3104.016 ; gain = 0.000 ; free physical = 4217 ; free virtual = 11311
Wrote Netlist Cache: Time (s): cpu = 00:00:00 ; elapsed = 00:00:00 . Memory (MB): peak = 3104.016 ; gain = 0.000 ; free physical = 4217 ; free virtual = 11311
Wrote Device Cache: Time (s): cpu = 00:00:00.01 ; elapsed = 00:00:00.01 . Memory (MB): peak = 3104.016 ; gain = 0.000 ; free physical = 4215 ; free virtual = 11310
Write Physdb Complete: Time (s): cpu = 00:00:00.1 ; elapsed = 00:00:00.04 . Memory (MB): peak = 3104.016 ; gain = 0.000 ; free physical = 4215 ; free virtual = 11310
INFO: [Common 17-1381] The checkpoint '/home/user/Desktop/Personal_Stuff/Homework/an4/LICENTA/vivado/Hello_world_minized/Hello_world_minized.runs/impl_1/design_1_wrapper_routed.dcp' has been generated.
Command: write_bitstream -force design_1_wrapper.bit
Attempting to get a license for feature 'Implementation' and/or device 'xc7z010'
INFO: [Common 17-349] Got license for feature 'Implementation' and/or device 'xc7z010'
Running DRC as a precondition to command write_bitstream
INFO: [IP_Flow 19-1839] IP Catalog is up to date.
INFO: [DRC 23-27] Running DRC with 8 threads
INFO: [Vivado 12-3199] DRC finished with 0 Errors
INFO: [Vivado 12-3200] Please refer to the DRC report (report_drc) for more information.
INFO: [Designutils 20-2272] Running write_bitstream with 8 threads.
Loading data files...
Loading site data...
Loading route data...
Processing options...
Creating bitmap...
Creating bitstream...
Writing bitstream ./design_1_wrapper.bit...
INFO: [Vivado 12-1842] Bitgen Completed Successfully.
INFO: [Project 1-1876] WebTalk data collection is mandatory when using a ULT device. To see the specific WebTalk data collected for your design, open the usage_statistics_webtalk.html or usage_statistics_webtalk.xml file in the implementation directory.
INFO: [Common 17-83] Releasing license: Implementation
97 Infos, 2 Warnings, 0 Critical Warnings and 0 Errors encountered.
write_bitstream completed successfully
write_bitstream: Time (s): cpu = 00:00:12 ; elapsed = 00:00:26 . Memory (MB): peak = 3363.363 ; gain = 256.309 ; free physical = 3985 ; free virtual = 11085
INFO: [Common 17-206] Exiting Vivado at Fri Jan  2 16:03:27 2026...
