19:55:28 DEBUG : Logs will be stored at '/home/user/Desktop/Personal_Stuff/Homework/an4/LICENTA/licenta_repo/vivado/hdmi_demo/demo/IDE.log'.
19:55:37 INFO  : Launching XSCT server: xsct -n  -interactive /home/user/Desktop/Personal_Stuff/Homework/an4/LICENTA/licenta_repo/vivado/hdmi_demo/demo/temp_xsdb_launch_script.tcl
19:55:37 INFO  : Platform repository initialization has completed.
19:55:37 INFO  : Registering command handlers for Vitis TCF services
19:55:39 INFO  : XSCT server has started successfully.
19:55:39 INFO  : Successfully done setting XSCT server connection channel  
19:55:39 INFO  : plnx-install-location is set to ''
19:55:39 INFO  : Successfully done query RDI_DATADIR 
19:55:39 INFO  : Successfully done setting workspace for the tool. 
19:56:59 INFO  : Platform 'design_1_wrapper' is added to custom repositories.
19:57:01 INFO  : [Import] Updating active build configuration of the system project 'Zybo-Z7-10-HDMI_system' to 'Debug' after the import.
20:06:27 INFO  : Result from executing command 'getProjects': design_1_wrapper
20:06:27 INFO  : Result from executing command 'getPlatforms': design_1_wrapper|/home/user/Desktop/Personal_Stuff/Homework/an4/LICENTA/licenta_repo/vivado/hdmi_demo/demo/design_1_wrapper/export/design_1_wrapper/design_1_wrapper.xpfm
20:06:30 INFO  : Checking for BSP changes to sync application flags for project 'Zybo-Z7-10-HDMI'...
20:06:32 INFO  : Updating application flags with new BSP settings...
20:06:32 INFO  : Successfully updated application flags for project Zybo-Z7-10-HDMI.
20:07:29 INFO  : Connected to target on host '127.0.0.1' and port '3121'.
20:07:30 INFO  : Jtag cable 'Digilent Zybo Z7 210351B80362A' is selected.
20:07:30 INFO  : 'jtag frequency' command is executed.
20:07:30 INFO  : Context for 'APU' is selected.
20:07:30 INFO  : System reset is completed.
20:07:33 INFO  : 'after 3000' command is executed.
20:07:33 INFO  : 'targets -set -filter {jtag_cable_name =~ "Digilent Zybo Z7 210351B80362A" && level==0 && jtag_device_ctx=="jsn-Zybo Z7-210351B80362A-13722093-0"}' command is executed.
20:07:34 INFO  : Device configured successfully with "/home/user/Desktop/Personal_Stuff/Homework/an4/LICENTA/licenta_repo/vivado/hdmi_demo/demo/Zybo-Z7-10-HDMI/_ide/bitstream/design_1_wrapper.bit"
20:07:34 INFO  : Context for 'APU' is selected.
20:07:34 INFO  : Hardware design and registers information is loaded from '/home/user/Desktop/Personal_Stuff/Homework/an4/LICENTA/licenta_repo/vivado/hdmi_demo/demo/design_1_wrapper/export/design_1_wrapper/hw/design_1_wrapper.xsa'.
20:07:34 INFO  : 'configparams force-mem-access 1' command is executed.
20:07:34 INFO  : Context for 'APU' is selected.
20:07:34 INFO  : Sourcing of '/home/user/Desktop/Personal_Stuff/Homework/an4/LICENTA/licenta_repo/vivado/hdmi_demo/demo/Zybo-Z7-10-HDMI/_ide/psinit/ps7_init.tcl' is done.
20:07:34 INFO  : 'ps7_init' command is executed.
20:07:34 INFO  : 'ps7_post_config' command is executed.
20:07:34 INFO  : Context for processor 'ps7_cortexa9_0' is selected.
20:07:35 INFO  : The application '/home/user/Desktop/Personal_Stuff/Homework/an4/LICENTA/licenta_repo/vivado/hdmi_demo/demo/Zybo-Z7-10-HDMI/Debug/Zybo-Z7-10-HDMI.elf' is downloaded to processor 'ps7_cortexa9_0'.
20:07:35 INFO  : 'configparams force-mem-access 0' command is executed.
20:07:35 INFO  : ----------------XSDB Script----------------
connect -url tcp:127.0.0.1:3121
targets -set -nocase -filter {name =~"APU*"}
rst -system
after 3000
targets -set -filter {jtag_cable_name =~ "Digilent Zybo Z7 210351B80362A" && level==0 && jtag_device_ctx=="jsn-Zybo Z7-210351B80362A-13722093-0"}
fpga -file /home/user/Desktop/Personal_Stuff/Homework/an4/LICENTA/licenta_repo/vivado/hdmi_demo/demo/Zybo-Z7-10-HDMI/_ide/bitstream/design_1_wrapper.bit
targets -set -nocase -filter {name =~"APU*"}
loadhw -hw /home/user/Desktop/Personal_Stuff/Homework/an4/LICENTA/licenta_repo/vivado/hdmi_demo/demo/design_1_wrapper/export/design_1_wrapper/hw/design_1_wrapper.xsa -mem-ranges [list {0x40000000 0xbfffffff}] -regs
configparams force-mem-access 1
targets -set -nocase -filter {name =~"APU*"}
source /home/user/Desktop/Personal_Stuff/Homework/an4/LICENTA/licenta_repo/vivado/hdmi_demo/demo/Zybo-Z7-10-HDMI/_ide/psinit/ps7_init.tcl
ps7_init
ps7_post_config
targets -set -nocase -filter {name =~ "*A9*#0"}
dow /home/user/Desktop/Personal_Stuff/Homework/an4/LICENTA/licenta_repo/vivado/hdmi_demo/demo/Zybo-Z7-10-HDMI/Debug/Zybo-Z7-10-HDMI.elf
configparams force-mem-access 0
----------------End of Script----------------

20:07:35 INFO  : Context for processor 'ps7_cortexa9_0' is selected.
20:07:35 INFO  : 'con' command is executed.
20:07:35 INFO  : ----------------XSDB Script (After Launch)----------------
targets -set -nocase -filter {name =~ "*A9*#0"}
con
----------------End of Script----------------

20:07:35 INFO  : Launch script is exported to file '/home/user/Desktop/Personal_Stuff/Homework/an4/LICENTA/licenta_repo/vivado/hdmi_demo/demo/Zybo-Z7-10-HDMI_system/_ide/scripts/systemdebugger_zybo-z7-10-hdmi_system_standalone.tcl'
20:12:35 INFO  : Disconnected from the channel tcfchan#3.
