Copyright 1986-2022 Xilinx, Inc. All Rights Reserved. Copyright 2022-2025 Advanced Micro Devices, Inc. All Rights Reserved.
---------------------------------------------------------------------------------------------------------------------------------------------
| Tool Version : Vivado v.2025.1 (lin64) Build 6140274 Wed May 21 22:58:25 MDT 2025
| Date         : Fri Jan  2 21:03:28 2026
| Host         : lenovo running 64-bit Linux Mint 22.2
| Command      : report_utilization -file design_1_axi_smc_0_utilization_synth.rpt -pb design_1_axi_smc_0_utilization_synth.pb
| Design       : design_1_axi_smc_0
| Device       : xc7z010clg400-1
| Speed File   : -1
| Design State : Synthesized
---------------------------------------------------------------------------------------------------------------------------------------------

Utilization Design Information

Table of Contents
-----------------
1. Slice Logic
1.1 Summary of Registers by Type
2. Memory
3. DSP
4. IO and GT Specific
5. Clocking
6. Specific Feature
7. Primitives
8. Black Boxes
9. Instantiated Netlists

1. Slice Logic
--------------

+----------------------------+------+-------+------------+-----------+-------+
|          Site Type         | Used | Fixed | Prohibited | Available | Util% |
+----------------------------+------+-------+------------+-----------+-------+
| Slice LUTs*                |  527 |     0 |          0 |     17600 |  2.99 |
|   LUT as Logic             |  526 |     0 |          0 |     17600 |  2.99 |
|   LUT as Memory            |    1 |     0 |          0 |      6000 |  0.02 |
|     LUT as Distributed RAM |    0 |     0 |            |           |       |
|     LUT as Shift Register  |    1 |     0 |            |           |       |
| Slice Registers            |  639 |     0 |          0 |     35200 |  1.82 |
|   Register as Flip Flop    |  639 |     0 |          0 |     35200 |  1.82 |
|   Register as Latch        |    0 |     0 |          0 |     35200 |  0.00 |
| F7 Muxes                   |    0 |     0 |          0 |      8800 |  0.00 |
| F8 Muxes                   |    0 |     0 |          0 |      4400 |  0.00 |
+----------------------------+------+-------+------------+-----------+-------+
* Warning! The Final LUT count, after physical optimizations and full implementation, is typically lower. Run opt_design after synthesis, if not already completed, for a more realistic count.
Warning! LUT value is adjusted to account for LUT combining.
Warning! For any ECO changes, please run place_design if there are unplaced instances


1.1 Summary of Registers by Type
--------------------------------

+-------+--------------+-------------+--------------+
| Total | Clock Enable | Synchronous | Asynchronous |
+-------+--------------+-------------+--------------+
| 0     |            _ |           - |            - |
| 0     |            _ |           - |          Set |
| 0     |            _ |           - |        Reset |
| 0     |            _ |         Set |            - |
| 0     |            _ |       Reset |            - |
| 0     |          Yes |           - |            - |
| 0     |          Yes |           - |          Set |
| 42    |          Yes |           - |        Reset |
| 10    |          Yes |         Set |            - |
| 587   |          Yes |       Reset |            - |
+-------+--------------+-------------+--------------+


2. Memory
---------

+----------------+------+-------+------------+-----------+-------+
|    Site Type   | Used | Fixed | Prohibited | Available | Util% |
+----------------+------+-------+------------+-----------+-------+
| Block RAM Tile |    0 |     0 |          0 |        60 |  0.00 |
|   RAMB36/FIFO* |    0 |     0 |          0 |        60 |  0.00 |
|   RAMB18       |    0 |     0 |          0 |       120 |  0.00 |
+----------------+------+-------+------------+-----------+-------+
* Note: Each Block RAM Tile only has one FIFO logic available and therefore can accommodate only one FIFO36E1 or one FIFO18E1. However, if a FIFO18E1 occupies a Block RAM Tile, that tile can still accommodate a RAMB18E1


3. DSP
------

+-----------+------+-------+------------+-----------+-------+
| Site Type | Used | Fixed | Prohibited | Available | Util% |
+-----------+------+-------+------------+-----------+-------+
| DSPs      |    0 |     0 |          0 |        80 |  0.00 |
+-----------+------+-------+------------+-----------+-------+


4. IO and GT Specific
---------------------

+-----------------------------+------+-------+------------+-----------+-------+
|          Site Type          | Used | Fixed | Prohibited | Available | Util% |
+-----------------------------+------+-------+------------+-----------+-------+
| Bonded IOB                  |    0 |     0 |          0 |       100 |  0.00 |
| Bonded IPADs                |    0 |     0 |          0 |         2 |  0.00 |
| Bonded IOPADs               |    0 |     0 |          0 |       130 |  0.00 |
| PHY_CONTROL                 |    0 |     0 |          0 |         2 |  0.00 |
| PHASER_REF                  |    0 |     0 |          0 |         2 |  0.00 |
| OUT_FIFO                    |    0 |     0 |          0 |         8 |  0.00 |
| IN_FIFO                     |    0 |     0 |          0 |         8 |  0.00 |
| IDELAYCTRL                  |    0 |     0 |          0 |         2 |  0.00 |
| IBUFDS                      |    0 |     0 |          0 |        96 |  0.00 |
| PHASER_OUT/PHASER_OUT_PHY   |    0 |     0 |          0 |         8 |  0.00 |
| PHASER_IN/PHASER_IN_PHY     |    0 |     0 |          0 |         8 |  0.00 |
| IDELAYE2/IDELAYE2_FINEDELAY |    0 |     0 |          0 |       100 |  0.00 |
| ILOGIC                      |    0 |     0 |          0 |       100 |  0.00 |
| OLOGIC                      |    0 |     0 |          0 |       100 |  0.00 |
+-----------------------------+------+-------+------------+-----------+-------+


5. Clocking
-----------

+------------+------+-------+------------+-----------+-------+
|  Site Type | Used | Fixed | Prohibited | Available | Util% |
+------------+------+-------+------------+-----------+-------+
| BUFGCTRL   |    0 |     0 |          0 |        32 |  0.00 |
| BUFIO      |    0 |     0 |          0 |         8 |  0.00 |
| MMCME2_ADV |    0 |     0 |          0 |         2 |  0.00 |
| PLLE2_ADV  |    0 |     0 |          0 |         2 |  0.00 |
| BUFMRCE    |    0 |     0 |          0 |         4 |  0.00 |
| BUFHCE     |    0 |     0 |          0 |        48 |  0.00 |
| BUFR       |    0 |     0 |          0 |         8 |  0.00 |
+------------+------+-------+------------+-----------+-------+


6. Specific Feature
-------------------

+-------------+------+-------+------------+-----------+-------+
|  Site Type  | Used | Fixed | Prohibited | Available | Util% |
+-------------+------+-------+------------+-----------+-------+
| BSCANE2     |    0 |     0 |          0 |         4 |  0.00 |
| CAPTUREE2   |    0 |     0 |          0 |         1 |  0.00 |
| DNA_PORT    |    0 |     0 |          0 |         1 |  0.00 |
| EFUSE_USR   |    0 |     0 |          0 |         1 |  0.00 |
| FRAME_ECCE2 |    0 |     0 |          0 |         1 |  0.00 |
| ICAPE2      |    0 |     0 |          0 |         2 |  0.00 |
| STARTUPE2   |    0 |     0 |          0 |         1 |  0.00 |
| XADC        |    0 |     0 |          0 |         1 |  0.00 |
+-------------+------+-------+------------+-----------+-------+


7. Primitives
-------------

+----------+------+---------------------+
| Ref Name | Used | Functional Category |
+----------+------+---------------------+
| FDRE     |  587 |        Flop & Latch |
| LUT6     |  178 |                 LUT |
| LUT3     |  159 |                 LUT |
| LUT2     |  100 |                 LUT |
| LUT5     |   92 |                 LUT |
| LUT4     |   91 |                 LUT |
| LUT1     |   51 |                 LUT |
| FDCE     |   42 |        Flop & Latch |
| CARRY4   |   11 |          CarryLogic |
| FDSE     |   10 |        Flop & Latch |
| SRL16E   |    1 |  Distributed Memory |
+----------+------+---------------------+


8. Black Boxes
--------------

+----------+------+
| Ref Name | Used |
+----------+------+


9. Instantiated Netlists
------------------------

+----------+------+
| Ref Name | Used |
+----------+------+


